<?xml version="1.0" encoding="UTF-8"?>
<testng-results ignored="0" total="1" passed="1" failed="0" skipped="0">
  <reporter-output>
  </reporter-output>
  <suite started-at="2023-07-18T23:19:37 IST" name="Default suite" finished-at="2023-07-18T23:19:38 IST" duration-ms="1249">
    <groups>
    </groups>
    <test started-at="2023-07-18T23:19:37 IST" name="Default test" finished-at="2023-07-18T23:19:38 IST" duration-ms="1249">
      <class name="tests.TestsOnLocalAPI">
        <test-method signature="delete()[pri:0, instance:tests.TestsOnLocalAPI@4fb3ee4e]" started-at="2023-07-18T23:19:37 IST" name="delete" finished-at="2023-07-18T23:19:38 IST" duration-ms="1211" status="PASS">
          <reporter-output>
          </reporter-output>
        </test-method> <!-- delete -->
      </class> <!-- tests.TestsOnLocalAPI -->
    </test> <!-- Default test -->
  </suite> <!-- Default suite -->
</testng-results>
