<?xml version="1.0" encoding="UTF-8"?>
<!-- Generated by org.testng.reporters.JUnitXMLReporter -->
<testsuite ignored="4" hostname="Anshuman-Q45MLFQO" failures="0" tests="1" name="Default test" time="1.249" errors="0" timestamp="2023-07-18T23:19:38 IST">
  <testcase classname="tests.TestsOnLocalAPI" name="delete" time="1.211"/>
  <testcase classname="tests.TestsOnLocalAPI" name="post" time="0.0">
    <ignored/>
  </testcase> <!-- post -->
  <testcase classname="tests.TestsOnLocalAPI" name="put" time="0.0">
    <ignored/>
  </testcase> <!-- put -->
  <testcase classname="tests.TestsOnLocalAPI" name="get" time="0.0">
    <ignored/>
  </testcase> <!-- get -->
  <testcase classname="tests.TestsOnLocalAPI" name="patch" time="0.0">
    <ignored/>
  </testcase> <!-- patch -->
</testsuite> <!-- Default test -->
